2022-06-21 08:42:27.431 [restartedMain] WARN  o.s.b.w.s.c.AnnotationConfigServletWebServerApplicationContext - Exception encountered during context initialization - cancelling refresh attempt: org.springframework.beans.factory.UnsatisfiedDependencyException: Error creating bean with name 'systemController': Unsatisfied dependency expressed through field 'userService'; nested exception is org.springframework.beans.factory.BeanCreationException: Error creating bean with name 'UserServiceImpl' defined in file [E:\IDEAproject\trainee\target\classes\com\bosssoft\trainee\nontax\service\impl\UserServiceImpl.class]: Instantiation of bean failed; nested exception is org.springframework.beans.BeanInstantiationException: Failed to instantiate [com.bosssoft.trainee.nontax.service.impl.UserServiceImpl]: Constructor threw exception; nested exception is java.lang.TypeNotPresentException: Type com.bosssoft.trainee.nontax.mapper.UserMapper not present
2022-06-21 08:51:32.325 [restartedMain] WARN  o.s.b.w.s.c.AnnotationConfigServletWebServerApplicationContext - Exception encountered during context initialization - cancelling refresh attempt: org.springframework.beans.factory.BeanCreationException: Error creating bean with name 'systemController' defined in file [E:\IDEAproject\trainee\target\classes\com\bosssoft\trainee\nontax\controller\SystemController.class]: Post-processing of merged bean definition failed; nested exception is java.lang.IllegalStateException: Failed to introspect Class [com.bosssoft.trainee.nontax.controller.SystemController] from ClassLoader [org.springframework.boot.devtools.restart.classloader.RestartClassLoader@24958358]
2022-06-21 09:45:37.165 [http-nio-8080-exec-1] WARN  o.s.w.s.m.m.a.ExceptionHandlerExceptionResolver - Resolved [org.springframework.web.bind.MissingRequestHeaderException: Required request header 'token' for method parameter type String is not present]
2022-06-21 09:56:25.682 [restartedMain] WARN  o.s.b.w.s.c.AnnotationConfigServletWebServerApplicationContext - Exception encountered during context initialization - cancelling refresh attempt: org.springframework.beans.factory.BeanDefinitionStoreException: Failed to parse configuration class [com.bosssoft.trainee.TraineeApplication]; nested exception is java.io.FileNotFoundException: class path resource [com/bosssoft/trainee/nontax/service/impl/UserServiceImpl.class] cannot be opened because it does not exist
2022-06-21 10:12:53.955 [restartedMain] WARN  org.mybatis.spring.mapper.ClassPathMapperScanner - No MyBatis mapper was found in '[com.bosssoft.trainee]' package. Please check your configuration.
2022-06-21 10:12:54.133 [restartedMain] WARN  o.s.b.w.s.c.AnnotationConfigServletWebServerApplicationContext - Exception encountered during context initialization - cancelling refresh attempt: org.springframework.beans.factory.BeanCreationException: Error creating bean with name 'sqlSessionFactory' defined in class path resource [com/baomidou/mybatisplus/autoconfigure/MybatisPlusAutoConfiguration.class]: Bean instantiation via factory method failed; nested exception is org.springframework.beans.BeanInstantiationException: Failed to instantiate [org.apache.ibatis.session.SqlSessionFactory]: Factory method 'sqlSessionFactory' threw exception; nested exception is org.springframework.core.NestedIOException: Failed to parse mapping resource: 'file [E:\IDEAproject\trainee\target\classes\mapper\CompanyMapper.xml]'; nested exception is org.apache.ibatis.builder.BuilderException: Error parsing Mapper XML. The XML location is 'file [E:\IDEAproject\trainee\target\classes\mapper\CompanyMapper.xml]'. Cause: org.apache.ibatis.builder.BuilderException: Error resolving class. Cause: org.apache.ibatis.type.TypeException: Could not resolve type alias 'com.bosssoft.trainee.nontax.entity.po.Company'.  Cause: java.lang.ClassNotFoundException: Cannot find class: com.bosssoft.trainee.nontax.entity.po.Company
2022-06-21 10:13:01.946 [restartedMain] WARN  org.mybatis.spring.mapper.ClassPathMapperScanner - No MyBatis mapper was found in '[com.bosssoft.trainee]' package. Please check your configuration.
2022-06-21 10:13:02.201 [restartedMain] WARN  o.s.b.w.s.c.AnnotationConfigServletWebServerApplicationContext - Exception encountered during context initialization - cancelling refresh attempt: org.springframework.beans.factory.BeanCreationException: Error creating bean with name 'sqlSessionFactory' defined in class path resource [com/baomidou/mybatisplus/autoconfigure/MybatisPlusAutoConfiguration.class]: Bean instantiation via factory method failed; nested exception is org.springframework.beans.BeanInstantiationException: Failed to instantiate [org.apache.ibatis.session.SqlSessionFactory]: Factory method 'sqlSessionFactory' threw exception; nested exception is org.springframework.core.NestedIOException: Failed to parse mapping resource: 'file [E:\IDEAproject\trainee\target\classes\mapper\CompanyMapper.xml]'; nested exception is org.apache.ibatis.builder.BuilderException: Error parsing Mapper XML. The XML location is 'file [E:\IDEAproject\trainee\target\classes\mapper\CompanyMapper.xml]'. Cause: org.apache.ibatis.builder.BuilderException: Error resolving class. Cause: org.apache.ibatis.type.TypeException: Could not resolve type alias 'com.bosssoft.trainee.nontax.entity.po.Company'.  Cause: java.lang.ClassNotFoundException: Cannot find class: com.bosssoft.trainee.nontax.entity.po.Company
2022-06-21 10:13:07.140 [restartedMain] WARN  org.springframework.boot.SpringApplication - Unable to close ApplicationContext
java.lang.IllegalStateException: Failed to introspect Class [com.bosssoft.trainee.nontax.config.MybatisPlusConfig] from ClassLoader [org.springframework.boot.devtools.restart.classloader.RestartClassLoader@1df636f5]
	at org.springframework.util.ReflectionUtils.getDeclaredMethods(ReflectionUtils.java:485)
	at org.springframework.util.ReflectionUtils.doWithMethods(ReflectionUtils.java:361)
	at org.springframework.util.ReflectionUtils.getUniqueDeclaredMethods(ReflectionUtils.java:418)
	at org.springframework.beans.factory.support.AbstractAutowireCapableBeanFactory.lambda$getTypeForFactoryMethod$2(AbstractAutowireCapableBeanFactory.java:765)
	at java.util.concurrent.ConcurrentHashMap.computeIfAbsent(ConcurrentHashMap.java:1660)
	at org.springframework.beans.factory.support.AbstractAutowireCapableBeanFactory.getTypeForFactoryMethod(AbstractAutowireCapableBeanFactory.java:764)
	at org.springframework.beans.factory.support.AbstractAutowireCapableBeanFactory.determineTargetType(AbstractAutowireCapableBeanFactory.java:703)
	at org.springframework.beans.factory.support.AbstractAutowireCapableBeanFactory.predictBeanType(AbstractAutowireCapableBeanFactory.java:674)
	at org.springframework.beans.factory.support.AbstractBeanFactory.isFactoryBean(AbstractBeanFactory.java:1670)
	at org.springframework.beans.factory.support.DefaultListableBeanFactory.doGetBeanNamesForType(DefaultListableBeanFactory.java:570)
	at org.springframework.beans.factory.support.DefaultListableBeanFactory.getBeanNamesForType(DefaultListableBeanFactory.java:542)
	at org.springframework.beans.factory.support.DefaultListableBeanFactory.getBeansOfType(DefaultListableBeanFactory.java:667)
	at org.springframework.beans.factory.support.DefaultListableBeanFactory.getBeansOfType(DefaultListableBeanFactory.java:659)
	at org.springframework.context.support.AbstractApplicationContext.getBeansOfType(AbstractApplicationContext.java:1300)
	at org.springframework.boot.SpringApplication.getExitCodeFromMappedException(SpringApplication.java:867)
	at org.springframework.boot.SpringApplication.getExitCodeFromException(SpringApplication.java:855)
	at org.springframework.boot.SpringApplication.handleExitCode(SpringApplication.java:842)
	at org.springframework.boot.SpringApplication.handleRunFailure(SpringApplication.java:782)
	at org.springframework.boot.SpringApplication.run(SpringApplication.java:318)
	at org.springframework.boot.SpringApplication.run(SpringApplication.java:1306)
	at org.springframework.boot.SpringApplication.run(SpringApplication.java:1295)
	at com.bosssoft.trainee.TraineeApplication.main(TraineeApplication.java:10)
	at sun.reflect.NativeMethodAccessorImpl.invoke0(Native Method)
	at sun.reflect.NativeMethodAccessorImpl.invoke(NativeMethodAccessorImpl.java:62)
	at sun.reflect.DelegatingMethodAccessorImpl.invoke(DelegatingMethodAccessorImpl.java:43)
	at java.lang.reflect.Method.invoke(Method.java:498)
	at org.springframework.boot.devtools.restart.RestartLauncher.run(RestartLauncher.java:49)
Caused by: java.lang.NoClassDefFoundError: com/baomidou/mybatisplus/extension/plugins/MybatisPlusInterceptor
	at java.lang.Class.getDeclaredMethods0(Native Method)
	at java.lang.Class.privateGetDeclaredMethods(Class.java:2701)
	at java.lang.Class.getDeclaredMethods(Class.java:1975)
	at org.springframework.util.ReflectionUtils.getDeclaredMethods(ReflectionUtils.java:467)
	... 26 common frames omitted
Caused by: java.lang.ClassNotFoundException: com.baomidou.mybatisplus.extension.plugins.MybatisPlusInterceptor
	at java.net.URLClassLoader.findClass(URLClassLoader.java:381)
	at java.lang.ClassLoader.loadClass(ClassLoader.java:424)
	at sun.misc.Launcher$AppClassLoader.loadClass(Launcher.java:331)
	at java.lang.ClassLoader.loadClass(ClassLoader.java:357)
	at java.lang.Class.forName0(Native Method)
	at java.lang.Class.forName(Class.java:348)
	at org.springframework.boot.devtools.restart.classloader.RestartClassLoader.loadClass(RestartClassLoader.java:145)
	at java.lang.ClassLoader.loadClass(ClassLoader.java:357)
	... 30 common frames omitted
2022-06-21 12:34:57.987 [http-nio-8080-exec-1] WARN  o.s.w.s.m.m.a.ExceptionHandlerExceptionResolver - Resolved [org.springframework.web.bind.MissingServletRequestParameterException: Required request parameter 'role_name' for method parameter type String is not present]
2022-06-21 12:35:17.584 [restartedMain] WARN  org.mybatis.spring.mapper.ClassPathMapperScanner - No MyBatis mapper was found in '[com.bosssoft.trainee]' package. Please check your configuration.
2022-06-21 12:35:17.779 [restartedMain] WARN  o.s.b.w.s.c.AnnotationConfigServletWebServerApplicationContext - Exception encountered during context initialization - cancelling refresh attempt: org.springframework.beans.factory.BeanCreationException: Error creating bean with name 'sqlSessionFactory' defined in class path resource [com/baomidou/mybatisplus/autoconfigure/MybatisPlusAutoConfiguration.class]: Bean instantiation via factory method failed; nested exception is org.springframework.beans.BeanInstantiationException: Failed to instantiate [org.apache.ibatis.session.SqlSessionFactory]: Factory method 'sqlSessionFactory' threw exception; nested exception is org.springframework.core.NestedIOException: Failed to parse mapping resource: 'file [E:\IDEAproject\trainee\target\classes\mapper\CompanyMapper.xml]'; nested exception is org.apache.ibatis.builder.BuilderException: Error parsing Mapper XML. The XML location is 'file [E:\IDEAproject\trainee\target\classes\mapper\CompanyMapper.xml]'. Cause: org.apache.ibatis.builder.BuilderException: Error resolving class. Cause: org.apache.ibatis.type.TypeException: Could not resolve type alias 'com.bosssoft.trainee.nontax.entity.po.Company'.  Cause: java.lang.ClassNotFoundException: Cannot find class: com.bosssoft.trainee.nontax.entity.po.Company
2022-06-21 12:35:46.116 [http-nio-8080-exec-2] WARN  o.s.w.s.m.m.a.ExceptionHandlerExceptionResolver - Resolved [org.springframework.web.bind.MissingServletRequestParameterException: Required request parameter 'role_name' for method parameter type String is not present]
2022-06-21 15:49:44.128 [http-nio-8080-exec-1] WARN  o.s.w.s.m.m.a.ExceptionHandlerExceptionResolver - Resolved [org.springframework.jdbc.BadSqlGrammarException: <EOL><EOL>### Error querying database.  Cause: java.sql.SQLSyntaxErrorException: Unknown column 'resource_list' in 'field list'<EOL><EOL>### The error may exist in com/bosssoft/trainee/nontax/mapper/RoleMapper.java (best guess)<EOL><EOL>### The error may involve defaultParameterMap<EOL><EOL>### The error occurred while setting parameters<EOL><EOL>### SQL: SELECT  id,name,remark,company_id,resource_list,created_by,created_time,updated_by,updated_time,status,version  FROM basic_role   WHERE  status=1 LIMIT ?<EOL><EOL>### Cause: java.sql.SQLSyntaxErrorException: Unknown column 'resource_list' in 'field list'<EOL>; bad SQL grammar []; nested exception is java.sql.SQLSyntaxErrorException: Unknown column 'resource_list' in 'field list']
2022-06-21 15:55:42.430 [http-nio-8080-exec-1] WARN  o.s.w.s.m.m.a.ExceptionHandlerExceptionResolver - Resolved [org.springframework.web.util.NestedServletException: Handler dispatch failed; nested exception is java.lang.NoClassDefFoundError: cn/hutool/core/bean/BeanUtil]
2022-06-21 17:00:32.198 [http-nio-8080-exec-2] WARN  o.s.w.s.m.m.a.ExceptionHandlerExceptionResolver - Resolved [org.springframework.jdbc.BadSqlGrammarException: <EOL><EOL>### Error querying database.  Cause: java.sql.SQLSyntaxErrorException: FUNCTION trainee.count does not exist. Check the 'Function Name Parsing and Resolution' section in the Reference Manual<EOL><EOL>### The error may exist in file [E:\IDEAproject\trainee\target\classes\mapper\RoleMapper.xml]<EOL><EOL>### The error may involve defaultParameterMap<EOL><EOL>### The error occurred while setting parameters<EOL><EOL>### SQL: select         count (1)         from basic_role         where name = ? and company_id = ?<EOL><EOL>### Cause: java.sql.SQLSyntaxErrorException: FUNCTION trainee.count does not exist. Check the 'Function Name Parsing and Resolution' section in the Reference Manual<EOL>; bad SQL grammar []; nested exception is java.sql.SQLSyntaxErrorException: FUNCTION trainee.count does not exist. Check the 'Function Name Parsing and Resolution' section in the Reference Manual]
2022-06-21 17:03:24.727 [http-nio-8080-exec-3] WARN  o.s.w.s.m.m.a.ExceptionHandlerExceptionResolver - Resolved [org.springframework.jdbc.BadSqlGrammarException: <EOL><EOL>### Error querying database.  Cause: java.sql.SQLSyntaxErrorException: FUNCTION trainee.count does not exist. Check the 'Function Name Parsing and Resolution' section in the Reference Manual<EOL><EOL>### The error may exist in file [E:\IDEAproject\trainee\target\classes\mapper\RoleMapper.xml]<EOL><EOL>### The error may involve defaultParameterMap<EOL><EOL>### The error occurred while setting parameters<EOL><EOL>### SQL: select         count (1)         from basic_role         where name = ? and company_id = ?<EOL><EOL>### Cause: java.sql.SQLSyntaxErrorException: FUNCTION trainee.count does not exist. Check the 'Function Name Parsing and Resolution' section in the Reference Manual<EOL>; bad SQL grammar []; nested exception is java.sql.SQLSyntaxErrorException: FUNCTION trainee.count does not exist. Check the 'Function Name Parsing and Resolution' section in the Reference Manual]
2022-06-21 17:07:47.692 [http-nio-8080-exec-2] WARN  o.s.w.s.m.m.a.ExceptionHandlerExceptionResolver - Resolved [org.springframework.dao.DataIntegrityViolationException: <EOL><EOL>### Error updating database.  Cause: java.sql.SQLException: Field 'name' doesn't have a default value<EOL><EOL>### The error may exist in com/bosssoft/trainee/nontax/mapper/RoleMapper.java (best guess)<EOL><EOL>### The error may involve com.bosssoft.trainee.nontax.mapper.RoleMapper.insert-Inline<EOL><EOL>### The error occurred while setting parameters<EOL><EOL>### SQL: INSERT INTO basic_role  ( id,  remark )  VALUES  ( ?,  ? )<EOL><EOL>### Cause: java.sql.SQLException: Field 'name' doesn't have a default value<EOL>; Field 'name' doesn't have a default value; nested exception is java.sql.SQLException: Field 'name' doesn't have a default value]
2022-06-21 17:11:46.532 [http-nio-8080-exec-2] WARN  o.s.w.s.m.m.a.ExceptionHandlerExceptionResolver - Resolved [org.springframework.dao.DataIntegrityViolationException: <EOL><EOL>### Error updating database.  Cause: java.sql.SQLException: Field 'name' doesn't have a default value<EOL><EOL>### The error may exist in com/bosssoft/trainee/nontax/mapper/RoleMapper.java (best guess)<EOL><EOL>### The error may involve com.bosssoft.trainee.nontax.mapper.RoleMapper.insert-Inline<EOL><EOL>### The error occurred while setting parameters<EOL><EOL>### SQL: INSERT INTO basic_role  ( id,  remark )  VALUES  ( ?,  ? )<EOL><EOL>### Cause: java.sql.SQLException: Field 'name' doesn't have a default value<EOL>; Field 'name' doesn't have a default value; nested exception is java.sql.SQLException: Field 'name' doesn't have a default value]
2022-06-21 17:12:57.164 [http-nio-8080-exec-3] WARN  o.s.w.s.m.m.a.ExceptionHandlerExceptionResolver - Resolved [org.mybatis.spring.MyBatisSystemException: nested exception is org.apache.ibatis.exceptions.TooManyResultsException: Expected one result (or null) to be returned by selectOne(), but found: 2]
2022-06-21 17:26:41.324 [http-nio-8080-exec-2] WARN  o.s.w.s.m.m.a.ExceptionHandlerExceptionResolver - Resolved [org.springframework.dao.DataIntegrityViolationException: <EOL><EOL>### Error updating database.  Cause: java.sql.SQLException: Field 'created_by' doesn't have a default value<EOL><EOL>### The error may exist in com/bosssoft/trainee/nontax/mapper/RoleMapper.java (best guess)<EOL><EOL>### The error may involve com.bosssoft.trainee.nontax.mapper.RoleMapper.insert-Inline<EOL><EOL>### The error occurred while setting parameters<EOL><EOL>### SQL: INSERT INTO basic_role  ( id, name, remark, company_id )  VALUES  ( ?, ?, ?, ? )<EOL><EOL>### Cause: java.sql.SQLException: Field 'created_by' doesn't have a default value<EOL>; Field 'created_by' doesn't have a default value; nested exception is java.sql.SQLException: Field 'created_by' doesn't have a default value]
2022-06-21 18:03:38.550 [restartedMain] WARN  o.s.b.w.s.c.AnnotationConfigServletWebServerApplicationContext - Exception encountered during context initialization - cancelling refresh attempt: org.springframework.beans.factory.UnsatisfiedDependencyException: Error creating bean with name 'roleTableController': Unsatisfied dependency expressed through field 'roleService'; nested exception is org.springframework.beans.factory.NoSuchBeanDefinitionException: No qualifying bean of type 'com.bosssoft.trainee.nontax.service.RoleService' available: expected at least 1 bean which qualifies as autowire candidate. Dependency annotations: {@org.springframework.beans.factory.annotation.Autowired(required=true)}
2022-06-21 22:52:12.270 [http-nio-8080-exec-3] WARN  o.s.w.s.m.m.a.ExceptionHandlerExceptionResolver - Resolved [org.springframework.http.converter.HttpMessageNotReadableException: JSON parse error: Unexpected character ('i' (code 105)): was expecting double-quote to start field name; nested exception is com.fasterxml.jackson.core.JsonParseException: Unexpected character ('i' (code 105)): was expecting double-quote to start field name<EOL> at [Source: (org.springframework.util.StreamUtils$NonClosingInputStream); line: 1, column: 3]]
2022-06-21 22:53:12.743 [http-nio-8080-exec-7] WARN  o.s.w.s.m.m.a.ExceptionHandlerExceptionResolver - Resolved [java.lang.ClassCastException: java.lang.Long cannot be cast to java.lang.String]
2022-06-21 23:23:01.360 [restartedMain] WARN  o.s.b.w.s.c.AnnotationConfigServletWebServerApplicationContext - Exception encountered during context initialization - cancelling refresh attempt: org.springframework.beans.factory.BeanDefinitionStoreException: Failed to parse configuration class [com.bosssoft.trainee.TraineeApplication]; nested exception is java.io.FileNotFoundException: class path resource [com/bosssoft/trainee/nontax/service/SubSystemService.class] cannot be opened because it does not exist
2022-06-21 23:23:03.790 [restartedMain] WARN  o.s.b.w.s.c.AnnotationConfigServletWebServerApplicationContext - Exception encountered during context initialization - cancelling refresh attempt: org.springframework.beans.factory.UnsatisfiedDependencyException: Error creating bean with name 'subsysTableController': Unsatisfied dependency expressed through field 'subSystemService'; nested exception is org.springframework.beans.factory.NoSuchBeanDefinitionException: No qualifying bean of type 'com.bosssoft.trainee.nontax.service.SubSystemService' available: expected at least 1 bean which qualifies as autowire candidate. Dependency annotations: {@org.springframework.beans.factory.annotation.Autowired(required=true)}
