2022-06-20 15:35:55.926 [http-nio-8080-exec-2] ERROR o.a.c.c.C.[.[localhost].[/].[dispatcherServlet] - Servlet.service() for servlet [dispatcherServlet] in context with path [] threw exception [Request processing failed; nested exception is java.lang.ArithmeticException: / by zero] with root cause
java.lang.ArithmeticException: / by zero
	at com.bosssoft.trainee.nontax.controller.ErrorController.error(ErrorController.java:15)
	at sun.reflect.NativeMethodAccessorImpl.invoke0(Native Method)
	at sun.reflect.NativeMethodAccessorImpl.invoke(NativeMethodAccessorImpl.java:62)
	at sun.reflect.DelegatingMethodAccessorImpl.invoke(DelegatingMethodAccessorImpl.java:43)
	at java.lang.reflect.Method.invoke(Method.java:498)
	at org.springframework.web.method.support.InvocableHandlerMethod.doInvoke(InvocableHandlerMethod.java:205)
	at org.springframework.web.method.support.InvocableHandlerMethod.invokeForRequest(InvocableHandlerMethod.java:150)
	at org.springframework.web.servlet.mvc.method.annotation.ServletInvocableHandlerMethod.invokeAndHandle(ServletInvocableHandlerMethod.java:117)
	at org.springframework.web.servlet.mvc.method.annotation.RequestMappingHandlerAdapter.invokeHandlerMethod(RequestMappingHandlerAdapter.java:895)
	at org.springframework.web.servlet.mvc.method.annotation.RequestMappingHandlerAdapter.handleInternal(RequestMappingHandlerAdapter.java:808)
	at org.springframework.web.servlet.mvc.method.AbstractHandlerMethodAdapter.handle(AbstractHandlerMethodAdapter.java:87)
	at org.springframework.web.servlet.DispatcherServlet.doDispatch(DispatcherServlet.java:1067)
	at org.springframework.web.servlet.DispatcherServlet.doService(DispatcherServlet.java:963)
	at org.springframework.web.servlet.FrameworkServlet.processRequest(FrameworkServlet.java:1006)
	at org.springframework.web.servlet.FrameworkServlet.doPost(FrameworkServlet.java:909)
	at javax.servlet.http.HttpServlet.service(HttpServlet.java:652)
	at org.springframework.web.servlet.FrameworkServlet.service(FrameworkServlet.java:883)
	at javax.servlet.http.HttpServlet.service(HttpServlet.java:733)
	at org.apache.catalina.core.ApplicationFilterChain.internalDoFilter(ApplicationFilterChain.java:227)
	at org.apache.catalina.core.ApplicationFilterChain.doFilter(ApplicationFilterChain.java:162)
	at org.apache.tomcat.websocket.server.WsFilter.doFilter(WsFilter.java:53)
	at org.apache.catalina.core.ApplicationFilterChain.internalDoFilter(ApplicationFilterChain.java:189)
	at org.apache.catalina.core.ApplicationFilterChain.doFilter(ApplicationFilterChain.java:162)
	at org.springframework.web.filter.RequestContextFilter.doFilterInternal(RequestContextFilter.java:100)
	at org.springframework.web.filter.OncePerRequestFilter.doFilter(OncePerRequestFilter.java:117)
	at org.apache.catalina.core.ApplicationFilterChain.internalDoFilter(ApplicationFilterChain.java:189)
	at org.apache.catalina.core.ApplicationFilterChain.doFilter(ApplicationFilterChain.java:162)
	at org.springframework.web.filter.FormContentFilter.doFilterInternal(FormContentFilter.java:93)
	at org.springframework.web.filter.OncePerRequestFilter.doFilter(OncePerRequestFilter.java:117)
	at org.apache.catalina.core.ApplicationFilterChain.internalDoFilter(ApplicationFilterChain.java:189)
	at org.apache.catalina.core.ApplicationFilterChain.doFilter(ApplicationFilterChain.java:162)
	at org.springframework.web.filter.CharacterEncodingFilter.doFilterInternal(CharacterEncodingFilter.java:201)
	at org.springframework.web.filter.OncePerRequestFilter.doFilter(OncePerRequestFilter.java:117)
	at org.apache.catalina.core.ApplicationFilterChain.internalDoFilter(ApplicationFilterChain.java:189)
	at org.apache.catalina.core.ApplicationFilterChain.doFilter(ApplicationFilterChain.java:162)
	at org.apache.catalina.core.StandardWrapperValve.invoke(StandardWrapperValve.java:197)
	at org.apache.catalina.core.StandardContextValve.invoke(StandardContextValve.java:97)
	at org.apache.catalina.authenticator.AuthenticatorBase.invoke(AuthenticatorBase.java:541)
	at org.apache.catalina.core.StandardHostValve.invoke(StandardHostValve.java:135)
	at org.apache.catalina.valves.ErrorReportValve.invoke(ErrorReportValve.java:92)
	at org.apache.catalina.core.StandardEngineValve.invoke(StandardEngineValve.java:78)
	at org.apache.catalina.connector.CoyoteAdapter.service(CoyoteAdapter.java:360)
	at org.apache.coyote.http11.Http11Processor.service(Http11Processor.java:399)
	at org.apache.coyote.AbstractProcessorLight.process(AbstractProcessorLight.java:65)
	at org.apache.coyote.AbstractProtocol$ConnectionHandler.process(AbstractProtocol.java:890)
	at org.apache.tomcat.util.net.NioEndpoint$SocketProcessor.doRun(NioEndpoint.java:1743)
	at org.apache.tomcat.util.net.SocketProcessorBase.run(SocketProcessorBase.java:49)
	at org.apache.tomcat.util.threads.ThreadPoolExecutor.runWorker(ThreadPoolExecutor.java:1191)
	at org.apache.tomcat.util.threads.ThreadPoolExecutor$Worker.run(ThreadPoolExecutor.java:659)
	at org.apache.tomcat.util.threads.TaskThread$WrappingRunnable.run(TaskThread.java:61)
	at java.lang.Thread.run(Thread.java:745)
2022-06-20 15:59:42.938 [http-nio-8080-exec-2] ERROR c.b.t.nontax.exception.GlobalExceptionHandler - / by zero
2022-06-20 16:00:42.422 [http-nio-8080-exec-3] ERROR c.b.t.nontax.exception.GlobalExceptionHandler - / by zero
2022-06-20 16:02:00.076 [http-nio-8080-exec-3] ERROR c.b.t.nontax.exception.GlobalExceptionHandler - / by zero
2022-06-20 16:05:49.060 [http-nio-8080-exec-2] ERROR c.b.t.nontax.exception.GlobalExceptionHandler - / by zero
2022-06-20 16:09:17.602 [http-nio-8080-exec-4] ERROR c.b.trainee.nontax.controller.LoggingController - 这是一个error日志
2022-06-20 16:17:53.216 [http-nio-8080-exec-8] ERROR c.b.trainee.nontax.controller.LoggingController - 这是一个error日志
2022-06-20 16:18:08.052 [http-nio-8080-exec-9] ERROR c.b.t.nontax.exception.GlobalExceptionHandler - / by zero
2022-06-20 16:20:05.194 [http-nio-8080-exec-2] ERROR c.b.t.nontax.exception.GlobalExceptionHandler - / by zero
2022-06-20 16:21:21.484 [http-nio-8080-exec-2] ERROR c.b.t.nontax.exception.GlobalExceptionHandler - / by zero
2022-06-20 16:22:35.823 [http-nio-8080-exec-2] ERROR c.b.t.nontax.exception.GlobalExceptionHandler - / by zero
2022-06-20 16:25:07.805 [http-nio-8080-exec-1] ERROR c.b.t.nontax.exception.GlobalExceptionHandler - / by zero
2022-06-20 16:37:18.894 [http-nio-8080-exec-2] ERROR c.b.t.nontax.exception.GlobalExceptionHandler - Required request body is missing: public com.bosssoft.trainee.nontax.util.Result com.bosssoft.trainee.nontax.controller.SystemController.login(com.bosssoft.trainee.nontax.util.login.LoginForm,javax.servlet.http.HttpServletRequest)
2022-06-20 16:38:50.336 [http-nio-8080-exec-5] ERROR c.b.t.nontax.exception.GlobalExceptionHandler - Content type 'multipart/form-data;boundary=--------------------------875975564494366625975159;charset=UTF-8' not supported
2022-06-20 16:40:26.498 [http-nio-8080-exec-8] ERROR c.b.t.nontax.exception.GlobalExceptionHandler - Content type 'multipart/form-data;boundary=--------------------------958955231871304436961770;charset=UTF-8' not supported
2022-06-20 17:30:35.110 [http-nio-8080-exec-1] ERROR c.b.t.nontax.exception.GlobalExceptionHandler - Content type 'application/x-www-form-urlencoded;charset=UTF-8' not supported
